[11:31:04] [main/INFO] [GradleStart]: Extra: []
[11:31:04] [main/INFO] [GradleStart]: Found and added coremod: ic2.core.coremod.IC2core
[11:31:04] [main/INFO] [GradleStart]: Found and added coremod: codechicken.core.launch.CodeChickenCorePlugin
[11:31:04] [main/INFO] [GradleStart]: Found and added coremod: codechicken.nei.asm.NEICorePlugin
[11:31:05] [main/INFO] [GradleStart]: Running with arguments: [--userProperties, {}, --assetsDir, C:/Users/milla/.gradle/caches/minecraft/assets, --assetIndex, 1.7.10, --accessToken, {REDACTED}, --version, 1.7.10, --tweakClass, cpw.mods.fml.common.launcher.FMLTweaker, --tweakClass, net.minecraftforge.gradle.tweakers.CoremodTweaker]
[11:31:05] [main/INFO] [LaunchWrapper]: Loading tweak class name cpw.mods.fml.common.launcher.FMLTweaker
[11:31:05] [main/INFO] [LaunchWrapper]: Using primary tweak class name cpw.mods.fml.common.launcher.FMLTweaker
[11:31:05] [main/INFO] [LaunchWrapper]: Loading tweak class name net.minecraftforge.gradle.tweakers.CoremodTweaker
[11:31:05] [main/INFO] [LaunchWrapper]: Calling tweak class cpw.mods.fml.common.launcher.FMLTweaker
[13:56:57] [main/INFO] [GradleStart]: Extra: []
[13:56:57] [main/INFO] [GradleStart]: Found and added coremod: ic2.core.coremod.IC2core
[13:56:57] [main/INFO] [GradleStart]: Found and added coremod: codechicken.core.launch.CodeChickenCorePlugin
[13:56:57] [main/INFO] [GradleStart]: Found and added coremod: codechicken.nei.asm.NEICorePlugin
[13:56:57] [main/INFO] [GradleStart]: Running with arguments: [--userProperties, {}, --assetsDir, C:/Users/milla/.gradle/caches/minecraft/assets, --assetIndex, 1.7.10, --accessToken, {REDACTED}, --version, 1.7.10, --tweakClass, cpw.mods.fml.common.launcher.FMLTweaker, --tweakClass, net.minecraftforge.gradle.tweakers.CoremodTweaker]
[13:56:57] [main/INFO] [LaunchWrapper]: Loading tweak class name cpw.mods.fml.common.launcher.FMLTweaker
[13:56:57] [main/INFO] [LaunchWrapper]: Using primary tweak class name cpw.mods.fml.common.launcher.FMLTweaker
[13:56:57] [main/INFO] [LaunchWrapper]: Loading tweak class name net.minecraftforge.gradle.tweakers.CoremodTweaker
[13:56:57] [main/INFO] [LaunchWrapper]: Calling tweak class cpw.mods.fml.common.launcher.FMLTweaker
[14:01:36] [main/INFO] [GradleStart]: Extra: []
[14:01:36] [main/INFO] [GradleStart]: Found and added coremod: ic2.core.coremod.IC2core
[14:01:36] [main/INFO] [GradleStart]: Found and added coremod: codechicken.core.launch.CodeChickenCorePlugin
[14:01:36] [main/INFO] [GradleStart]: Found and added coremod: codechicken.nei.asm.NEICorePlugin
[14:01:36] [main/INFO] [GradleStart]: Running with arguments: [--userProperties, {}, --assetsDir, C:/Users/milla/.gradle/caches/minecraft/assets, --assetIndex, 1.7.10, --accessToken, {REDACTED}, --version, 1.7.10, --tweakClass, cpw.mods.fml.common.launcher.FMLTweaker, --tweakClass, net.minecraftforge.gradle.tweakers.CoremodTweaker]
[14:01:36] [main/INFO] [LaunchWrapper]: Loading tweak class name cpw.mods.fml.common.launcher.FMLTweaker
[14:01:36] [main/INFO] [LaunchWrapper]: Using primary tweak class name cpw.mods.fml.common.launcher.FMLTweaker
[14:01:36] [main/INFO] [LaunchWrapper]: Loading tweak class name net.minecraftforge.gradle.tweakers.CoremodTweaker
[14:01:36] [main/INFO] [LaunchWrapper]: Calling tweak class cpw.mods.fml.common.launcher.FMLTweaker
[18:36:14] [main/INFO] [GradleStart]: Extra: []
[18:36:14] [main/INFO] [GradleStart]: Found and added coremod: ic2.core.coremod.IC2core
[18:36:14] [main/INFO] [GradleStart]: Found and added coremod: codechicken.core.launch.CodeChickenCorePlugin
[18:36:14] [main/INFO] [GradleStart]: Found and added coremod: codechicken.nei.asm.NEICorePlugin
[18:36:14] [main/INFO] [GradleStart]: Running with arguments: [--userProperties, {}, --assetsDir, C:/Users/milla/.gradle/caches/minecraft/assets, --assetIndex, 1.7.10, --accessToken, {REDACTED}, --version, 1.7.10, --tweakClass, cpw.mods.fml.common.launcher.FMLTweaker, --tweakClass, net.minecraftforge.gradle.tweakers.CoremodTweaker]
[18:36:14] [main/INFO] [LaunchWrapper]: Loading tweak class name cpw.mods.fml.common.launcher.FMLTweaker
[18:36:14] [main/INFO] [LaunchWrapper]: Using primary tweak class name cpw.mods.fml.common.launcher.FMLTweaker
[18:36:14] [main/INFO] [LaunchWrapper]: Loading tweak class name net.minecraftforge.gradle.tweakers.CoremodTweaker
[18:36:14] [main/INFO] [LaunchWrapper]: Calling tweak class cpw.mods.fml.common.launcher.FMLTweaker
[18:44:06] [main/INFO] [GradleStart]: username: Milla_AV
[18:44:06] [main/INFO] [GradleStart]: Extra: []
[18:44:06] [main/INFO] [GradleStart]: Found and added coremod: ic2.core.coremod.IC2core
[18:44:06] [main/INFO] [GradleStart]: Found and added coremod: codechicken.core.launch.CodeChickenCorePlugin
[18:44:06] [main/INFO] [GradleStart]: Found and added coremod: codechicken.nei.asm.NEICorePlugin
[18:44:06] [main/INFO] [GradleStart]: Running with arguments: [--userProperties, {}, --assetsDir, C:/Users/milla/.gradle/caches/minecraft/assets, --assetIndex, 1.7.10, --accessToken, {REDACTED}, --version, 1.7.10, --username, Milla_AV, --tweakClass, cpw.mods.fml.common.launcher.FMLTweaker, --tweakClass, net.minecraftforge.gradle.tweakers.CoremodTweaker]
[18:44:06] [main/INFO] [LaunchWrapper]: Loading tweak class name cpw.mods.fml.common.launcher.FMLTweaker
[18:44:06] [main/INFO] [LaunchWrapper]: Using primary tweak class name cpw.mods.fml.common.launcher.FMLTweaker
[18:44:06] [main/INFO] [LaunchWrapper]: Loading tweak class name net.minecraftforge.gradle.tweakers.CoremodTweaker
[18:44:06] [main/INFO] [LaunchWrapper]: Calling tweak class cpw.mods.fml.common.launcher.FMLTweaker
[20:46:06] [main/INFO] [GradleStart]: username: Milla_AV
[20:46:06] [main/INFO] [GradleStart]: Extra: []
[20:46:06] [main/INFO] [GradleStart]: Found and added coremod: ic2.core.coremod.IC2core
[20:46:06] [main/INFO] [GradleStart]: Found and added coremod: codechicken.core.launch.CodeChickenCorePlugin
[20:46:06] [main/INFO] [GradleStart]: Found and added coremod: codechicken.nei.asm.NEICorePlugin
[20:46:06] [main/INFO] [GradleStart]: Running with arguments: [--userProperties, {}, --assetsDir, C:/Users/milla/.gradle/caches/minecraft/assets, --assetIndex, 1.7.10, --accessToken, {REDACTED}, --version, 1.7.10, --username, Milla_AV, --tweakClass, cpw.mods.fml.common.launcher.FMLTweaker, --tweakClass, net.minecraftforge.gradle.tweakers.CoremodTweaker]
[20:46:06] [main/INFO] [LaunchWrapper]: Loading tweak class name cpw.mods.fml.common.launcher.FMLTweaker
[20:46:06] [main/INFO] [LaunchWrapper]: Using primary tweak class name cpw.mods.fml.common.launcher.FMLTweaker
[20:46:06] [main/INFO] [LaunchWrapper]: Loading tweak class name net.minecraftforge.gradle.tweakers.CoremodTweaker
[20:46:06] [main/INFO] [LaunchWrapper]: Calling tweak class cpw.mods.fml.common.launcher.FMLTweaker
