[14:01:39] [main/INFO]: Setting user: Player250
[14:01:41] [Client thread/INFO]: LWJGL Version: 2.9.1
[14:01:49] [Client thread/INFO]: Reloading ResourceManager: Default, FMLFileResourcePack:Forge Mod Loader, FMLFileResourcePack:Minecraft Forge, FMLFileResourcePack:Not Enough Items, FMLFileResourcePack:IndustrialCraft 2, FMLFileResourcePack:LuckyRecipeMaker, FMLFileResourcePack:MineTweaker 3, FMLFileResourcePack:Graviation Suite, FMLFileResourcePack:quantumupgrade
[14:01:52] [Sound Library Loader/INFO]: Sound engine started
[14:01:52] [Client thread/INFO]: Created: 16x16 textures/blocks-atlas
[14:01:52] [Client thread/INFO]: Created: 16x16 textures/items-atlas
[14:01:53] [Client thread/INFO]: Reloading ResourceManager: Default, FMLFileResourcePack:Forge Mod Loader, FMLFileResourcePack:Minecraft Forge, FMLFileResourcePack:Not Enough Items, FMLFileResourcePack:IndustrialCraft 2, FMLFileResourcePack:LuckyRecipeMaker, FMLFileResourcePack:MineTweaker 3, FMLFileResourcePack:Graviation Suite, FMLFileResourcePack:quantumupgrade
[14:01:54] [Client thread/INFO]: Created: 1024x512 textures/blocks-atlas
[14:01:55] [Client thread/INFO]: Created: 512x512 textures/items-atlas
[14:01:55] [Sound Library Loader/INFO]: Sound engine started
[14:02:20] [Server thread/INFO]: Starting integrated minecraft server version 1.7.10
[14:02:20] [Server thread/INFO]: Generating keypair
[14:02:20] [Server thread/INFO]: Preparing start region for level 0
[14:02:21] [Server thread/INFO]: Changing view distance to 12, from 10
[14:02:21] [Server thread/INFO]: Player250[local:E:6b007d82] logged in with entity id 213 at (-322.76249998807907, 63.0, 226.59983909295053)
[14:02:21] [Server thread/INFO]: Player250 joined the game
[14:02:25] [Server thread/INFO]: Player250 has just earned the achievement [Taking Inventory]
[14:02:25] [Client thread/INFO]: [CHAT] Player250 has just earned the achievement [Taking Inventory]
[14:03:32] [Client thread/INFO]: Stopping!
[14:03:32] [Server thread/INFO]: Stopping server
[14:03:32] [Server thread/INFO]: Saving players
[14:03:32] [Server thread/INFO]: Saving worlds
[14:03:32] [Server thread/INFO]: Saving chunks for level 'New World'/Overworld
[14:03:32] [Server thread/INFO]: Saving chunks for level 'New World'/Nether
[14:03:32] [Server thread/INFO]: Saving chunks for level 'New World'/The End
